Determining if the pthread_create exist failed with the following output:
Change Dir: /home/abinesh/shyft_solidity/cmake-build-debug/CMakeFiles/CMakeTmp

Run Build Command:"/usr/bin/make" "cmTC_5da54/fast"
/usr/bin/make -f CMakeFiles/cmTC_5da54.dir/build.make CMakeFiles/cmTC_5da54.dir/build
make[1]: Entering directory '/home/abinesh/shyft_solidity/cmake-build-debug/CMakeFiles/CMakeTmp'
Building C object CMakeFiles/cmTC_5da54.dir/CheckSymbolExists.c.o
/usr/bin/cc    -o CMakeFiles/cmTC_5da54.dir/CheckSymbolExists.c.o   -c /home/abinesh/shyft_solidity/cmake-build-debug/CMakeFiles/CMakeTmp/CheckSymbolExists.c
Linking C executable cmTC_5da54
/home/abinesh/clion-2018.1.1/bin/cmake/bin/cmake -E cmake_link_script CMakeFiles/cmTC_5da54.dir/link.txt --verbose=1
/usr/bin/cc      -rdynamic CMakeFiles/cmTC_5da54.dir/CheckSymbolExists.c.o  -o cmTC_5da54 
CMakeFiles/cmTC_5da54.dir/CheckSymbolExists.c.o: In function `main':
CheckSymbolExists.c:(.text+0x16): undefined reference to `pthread_create'
collect2: error: ld returned 1 exit status
CMakeFiles/cmTC_5da54.dir/build.make:97: recipe for target 'cmTC_5da54' failed
make[1]: *** [cmTC_5da54] Error 1
make[1]: Leaving directory '/home/abinesh/shyft_solidity/cmake-build-debug/CMakeFiles/CMakeTmp'
Makefile:126: recipe for target 'cmTC_5da54/fast' failed
make: *** [cmTC_5da54/fast] Error 2

File /home/abinesh/shyft_solidity/cmake-build-debug/CMakeFiles/CMakeTmp/CheckSymbolExists.c:
/* */
#include <pthread.h>

int main(int argc, char** argv)
{
  (void)argv;
#ifndef pthread_create
  return ((int*)(&pthread_create))[argc];
#else
  (void)argc;
  return 0;
#endif
}

Determining if the function pthread_create exists in the pthreads failed with the following output:
Change Dir: /home/abinesh/shyft_solidity/cmake-build-debug/CMakeFiles/CMakeTmp

Run Build Command:"/usr/bin/make" "cmTC_791be/fast"
/usr/bin/make -f CMakeFiles/cmTC_791be.dir/build.make CMakeFiles/cmTC_791be.dir/build
make[1]: Entering directory '/home/abinesh/shyft_solidity/cmake-build-debug/CMakeFiles/CMakeTmp'
Building C object CMakeFiles/cmTC_791be.dir/CheckFunctionExists.c.o
/usr/bin/cc   -DCHECK_FUNCTION_EXISTS=pthread_create   -o CMakeFiles/cmTC_791be.dir/CheckFunctionExists.c.o   -c /home/abinesh/clion-2018.1.1/bin/cmake/share/cmake-3.10/Modules/CheckFunctionExists.c
Linking C executable cmTC_791be
/home/abinesh/clion-2018.1.1/bin/cmake/bin/cmake -E cmake_link_script CMakeFiles/cmTC_791be.dir/link.txt --verbose=1
/usr/bin/cc  -DCHECK_FUNCTION_EXISTS=pthread_create    -rdynamic CMakeFiles/cmTC_791be.dir/CheckFunctionExists.c.o  -o cmTC_791be -lpthreads 
/usr/bin/ld: cannot find -lpthreads
collect2: error: ld returned 1 exit status
CMakeFiles/cmTC_791be.dir/build.make:97: recipe for target 'cmTC_791be' failed
make[1]: *** [cmTC_791be] Error 1
make[1]: Leaving directory '/home/abinesh/shyft_solidity/cmake-build-debug/CMakeFiles/CMakeTmp'
Makefile:126: recipe for target 'cmTC_791be/fast' failed
make: *** [cmTC_791be/fast] Error 2


Performing C++ SOURCE FILE Test Wimplicit-fallthrough failed with the following output:
Change Dir: /home/abinesh/shyft_solidity/cmake-build-debug/CMakeFiles/CMakeTmp

Run Build Command:"/usr/bin/make" "cmTC_9e4af/fast"
/usr/bin/make -f CMakeFiles/cmTC_9e4af.dir/build.make CMakeFiles/cmTC_9e4af.dir/build
make[1]: Entering directory '/home/abinesh/shyft_solidity/cmake-build-debug/CMakeFiles/CMakeTmp'
Building CXX object CMakeFiles/cmTC_9e4af.dir/src.cxx.o
/usr/bin/c++    -DWimplicit-fallthrough   -Wimplicit-fallthrough -o CMakeFiles/cmTC_9e4af.dir/src.cxx.o -c /home/abinesh/shyft_solidity/cmake-build-debug/CMakeFiles/CMakeTmp/src.cxx
c++: error: unrecognized command line option '-Wimplicit-fallthrough'
CMakeFiles/cmTC_9e4af.dir/build.make:65: recipe for target 'CMakeFiles/cmTC_9e4af.dir/src.cxx.o' failed
make[1]: *** [CMakeFiles/cmTC_9e4af.dir/src.cxx.o] Error 1
make[1]: Leaving directory '/home/abinesh/shyft_solidity/cmake-build-debug/CMakeFiles/CMakeTmp'
Makefile:126: recipe for target 'cmTC_9e4af/fast' failed
make: *** [cmTC_9e4af/fast] Error 2

Source file was:
int main() { return 0; }
